<?xml version="1.0" encoding="UTF-8" ?>
<testsuite tests="6" failures="0" name="TestEmployee" time="0.414" errors="0" skipped="0">
  <properties>
    <property name="java.runtime.name" value="Java(TM) SE Runtime Environment"/>
    <property name="java.vm.version" value="18.0.2+9-61"/>
    <property name="sun.boot.library.path" value="C:\Program Files\Java\jdk-18.0.2\bin"/>
    <property name="maven.multiModuleProjectDirectory" value="C:/Users/vcardenas/OneDrive - ENDAVA/Desktop/Challenges/Challenge 12. Databases/ChallengeDB"/>
    <property name="java.vm.vendor" value="Oracle Corporation"/>
    <property name="java.vendor.url" value="https://java.oracle.com/"/>
    <property name="guice.disable.misplaced.annotation.check" value="true"/>
    <property name="path.separator" value=";"/>
    <property name="java.vm.name" value="Java HotSpot(TM) 64-Bit Server VM"/>
    <property name="sun.os.patch.level" value=""/>
    <property name="user.script" value=""/>
    <property name="user.country" value="CO"/>
    <property name="sun.java.launcher" value="SUN_STANDARD"/>
    <property name="java.vm.specification.name" value="Java Virtual Machine Specification"/>
    <property name="user.dir" value="C:\Users\vcardenas\OneDrive - ENDAVA\Desktop\Challenges\Challenge 12. Databases\ChallengeDB"/>
    <property name="java.vm.compressedOopsMode" value="Zero based"/>
    <property name="java.runtime.version" value="18.0.2+9-61"/>
    <property name="os.arch" value="amd64"/>
    <property name="java.io.tmpdir" value="C:\Users\VCARDE~1\AppData\Local\Temp\"/>
    <property name="line.separator" value="
"/>
    <property name="java.vm.specification.vendor" value="Oracle Corporation"/>
    <property name="user.variant" value=""/>
    <property name="os.name" value="Windows 10"/>
    <property name="classworlds.conf" value="C:/Users/vcardenas/OneDrive - ENDAVA/Desktop/Programas descargados/apache-maven-3.8.6/bin/m2.conf"/>
    <property name="sun.jnu.encoding" value="Cp1252"/>
    <property name="java.library.path" value="C:\Program Files\Java\jdk-18.0.2\bin;C:\WINDOWS\Sun\Java\bin;C:\WINDOWS\system32;C:\WINDOWS;C:\Program Files\Git\mingw64\bin;C:\Program Files\Git\usr\bin;C:\Users\vcardenas\bin;C:\Program Files\Common Files\Oracle\Java\javapath;C:\Program Files (x86)\Common Files\Oracle\Java\javapath;C:\MinGW\bin;C:\Program Files\Java\jdk-18.0.2\bin;C:\Users\vcardenas\OneDrive - ENDAVA\Desktop\Programas descargados\apache-maven-3.8.6\bin;C:\Users\vcardenas\OneDrive - ENDAVA\Desktop\Programas descargados\OpenLogic\openlogic-openjdk-11.0.16+8-windows-x64\bin;C:\Program Files\nodejs;C:\ProgramData\chocolatey\bin;C:\Users\vcardenas\AppData\Local\Android\Sdk\tools;C:\Users\vcardenas\AppData\Local\Android\Sdk\platform-tools;C:\Users\vcardenas\AppData\Local\Android\Sdk\build-tools;C:\Program Files (x86)\GnuPG\bin;C:\Users\vcardenas\AppData\Local\Programs\Python\Python310\Scripts;C:\Users\vcardenas\AppData\Local\Programs\Python\Python310;C:\Users\vcardenas\AppData\Local\Microsoft\WindowsApps;C:\Users\vcardenas\AppData\Local\Programs\Microsoft VS Code\bin;C:\Program Files\JetBrains\IntelliJ IDEA Community Edition 2022.2\bin;C:\Users\vcardenas\AppData\Local\GitHubDesktop\bin;C:\MinGW\bin;C:\Program Files\Git\usr\bin;C:\Program Files\Java\jdk-18.0.2 \bin;C:\Users\vcardenas\OneDrive - ENDAVA\Desktop\Programas descargados\apache-maven-3.8.6 \bin;C:\Users\vcardenas\AppData\Roaming\npm;C:\Users\vcardenas\AppData\Local\Android\Sdk\build-tools;C:\Users\vcardenas\AppData\Local\Android\Sdk\platform-tools;C:\Users\vcardenas\AppData\Local\Android\Sdk\tools;."/>
    <property name="maven.conf" value="C:/Users/vcardenas/OneDrive - ENDAVA/Desktop/Programas descargados/apache-maven-3.8.6/conf"/>
    <property name="jdk.debug" value="release"/>
    <property name="java.class.version" value="62.0"/>
    <property name="java.specification.name" value="Java Platform API Specification"/>
    <property name="sun.management.compiler" value="HotSpot 64-Bit Tiered Compilers"/>
    <property name="os.version" value="10.0"/>
    <property name="library.jansi.path" value="C:/Users/vcardenas/OneDrive - ENDAVA/Desktop/Programas descargados/apache-maven-3.8.6/lib/jansi-native"/>
    <property name="user.home" value="C:\Users\vcardenas"/>
    <property name="user.timezone" value="America/Bogota"/>
    <property name="file.encoding" value="UTF-8"/>
    <property name="java.specification.version" value="18"/>
    <property name="user.name" value="vcardenas"/>
    <property name="java.class.path" value="C:/Users/vcardenas/OneDrive - ENDAVA/Desktop/Programas descargados/apache-maven-3.8.6/boot/plexus-classworlds-2.6.0.jar"/>
    <property name="java.vm.specification.version" value="18"/>
    <property name="sun.arch.data.model" value="64"/>
    <property name="sun.java.command" value="org.codehaus.plexus.classworlds.launcher.Launcher clean verify"/>
    <property name="java.home" value="C:\Program Files\Java\jdk-18.0.2"/>
    <property name="user.language" value="es"/>
    <property name="java.specification.vendor" value="Oracle Corporation"/>
    <property name="java.vm.info" value="mixed mode, sharing"/>
    <property name="java.version" value="18.0.2"/>
    <property name="native.encoding" value="Cp1252"/>
    <property name="java.vendor" value="Oracle Corporation"/>
    <property name="sun.stderr.encoding" value="cp437"/>
    <property name="maven.home" value="C:\Users\vcardenas\OneDrive - ENDAVA\Desktop\Programas descargados\apache-maven-3.8.6"/>
    <property name="file.separator" value="\"/>
    <property name="java.version.date" value="2022-07-19"/>
    <property name="java.vendor.url.bug" value="https://bugreport.java.com/bugreport/"/>
    <property name="sun.io.unicode.encoding" value="UnicodeLittle"/>
    <property name="sun.cpu.endian" value="little"/>
    <property name="sun.stdout.encoding" value="cp437"/>
    <property name="sun.cpu.isalist" value="amd64"/>
  </properties>
  <testcase classname="TestEmployee" name="deleteEmployee" time="0.037"/>
  <testcase classname="TestEmployee" name="getAllEmployees" time="0.206"/>
  <testcase classname="TestEmployee" name="getEmployeeById" time="0.001"/>
  <testcase classname="TestEmployee" name="getEmployeesByLastName" time="0.097"/>
  <testcase classname="TestEmployee" name="insertNewEmployee" time="0.062"/>
  <testcase classname="TestEmployee" name="updateEmployee" time="0.011"/>
</testsuite>