<?xml version="1.0" encoding="UTF-8"?>
<!-- Generated by org.testng.reporters.JUnitReportReporter -->
<testsuite hostname="EN911444" failures="0" tests="6" name="TestEmployee" time="0.411" errors="0" timestamp="2022-10-27T11:33:25 COT" skipped="0">
  <testcase classname="TestEmployee" name="deleteEmployee" time="0.035"/>
  <system-out/>
  <testcase classname="TestEmployee" name="getAllEmployees" time="0.203"/>
  <system-out/>
  <testcase classname="TestEmployee" name="insertNewEmployee" time="0.061"/>
  <system-out/>
  <testcase classname="TestEmployee" name="getEmployeesByLastName" time="0.099"/>
  <system-out/>
  <testcase classname="TestEmployee" name="updateEmployee" time="0.011"/>
  <system-out/>
  <testcase classname="TestEmployee" name="getEmployeeById" time="0.002"/>
  <system-out/>
</testsuite> <!-- TestEmployee -->
